<?xml version="1.0" encoding="utf-8"?><testsuites name="pytest tests"><testsuite name="pytest" errors="0" failures="0" skipped="0" tests="25" time="4.355" timestamp="2026-07-05T07:37:55.095199+00:00" hostname="agent-env-f0f95d8c-38a5-4c12-a057-a8a683e7ee92"><testcase classname="tests.backend_test.TestAuth" name="test_login_success" time="0.373" /><testcase classname="tests.backend_test.TestAuth" name="test_login_invalid_password" time="0.266" /><testcase classname="tests.backend_test.TestAuth" name="test_login_invalid_email" time="0.047" /><testcase classname="tests.backend_test.TestAuth" name="test_me_protected" time="0.042" /><testcase classname="tests.backend_test.TestAuth" name="test_me_success" time="0.363" /><testcase classname="tests.backend_test.TestAuth" name="test_me_invalid_token" time="0.044" /><testcase classname="tests.backend_test.TestClients" name="test_list_exactly_15_seed_clients_and_no_test_artifacts" time="0.059" /><testcase classname="tests.backend_test.TestClients" name="test_get_client_by_id" time="0.094" /><testcase classname="tests.backend_test.TestClients" name="test_create_update_delete_client" time="0.310" /><testcase classname="tests.backend_test.TestStageAndTimeline" name="test_stage_change_and_timeline" time="0.264" /><testcase classname="tests.backend_test.TestStageAndTimeline" name="test_log_interaction" time="0.182" /><testcase classname="tests.backend_test.TestStageAndTimeline" name="test_message_sent_interaction_logged" time="0.174" /><testcase classname="tests.backend_test.TestTasks" name="test_create_complete_and_delete_task" time="0.515" /><testcase classname="tests.backend_test.TestPayments" name="test_log_payment_updates_outstanding" time="0.259" /><testcase classname="tests.backend_test.TestTemplates" name="test_exactly_14_seeded_templates_and_no_test_artifacts" time="0.042" /><testcase classname="tests.backend_test.TestTemplates" name="test_template_crud" time="0.210" /><testcase classname="tests.backend_test.TestDashboardAttention" name="test_attention_shape_has_new_stats" time="0.054" /><testcase classname="tests.backend_test.TestDashboardAttention" name="test_reengagement_ready_contains_ravi_fitness" time="0.062" /><testcase classname="tests.backend_test.TestDashboardAttention" name="test_overdue_followups_and_going_quiet_shape" time="0.060" /><testcase classname="tests.backend_test.TestDashboardAttention" name="test_overdue_payments_only_after_14_days_aging" time="0.161" /><testcase classname="tests.backend_test.TestDashboardAttention" name="test_payment_removes_from_overdue" time="0.146" /><testcase classname="tests.backend_test.TestDashboardAttention" name="test_attention_requires_auth" time="0.041" /><testcase classname="tests.backend_test.TestAnalytics" name="test_analytics_summary_has_rescued_fields" time="0.050" /><testcase classname="tests.backend_test.TestSettings" name="test_get_settings" time="0.042" /><testcase classname="tests.backend_test.TestSettings" name="test_update_settings_persists" time="0.381" /></testsuite></testsuites>