<?xml version="1.0" encoding="utf-8"?><testsuites name="pytest tests"><testsuite name="pytest" errors="0" failures="0" skipped="0" tests="20" time="4.154" timestamp="2026-07-04T17:00:41.689954+00:00" hostname="agent-env-f0f95d8c-38a5-4c12-a057-a8a683e7ee92"><testcase classname="tests.backend_test.TestAuth" name="test_login_success" time="0.381" /><testcase classname="tests.backend_test.TestAuth" name="test_login_invalid_password" time="0.277" /><testcase classname="tests.backend_test.TestAuth" name="test_login_invalid_email" time="0.044" /><testcase classname="tests.backend_test.TestAuth" name="test_me_protected" time="0.046" /><testcase classname="tests.backend_test.TestAuth" name="test_me_success" time="0.407" /><testcase classname="tests.backend_test.TestAuth" name="test_me_invalid_token" time="0.045" /><testcase classname="tests.backend_test.TestClients" name="test_list_seeded_clients" time="0.066" /><testcase classname="tests.backend_test.TestClients" name="test_get_client_by_id" time="0.117" /><testcase classname="tests.backend_test.TestClients" name="test_create_update_delete_client" time="0.328" /><testcase classname="tests.backend_test.TestStageAndTimeline" name="test_stage_change_and_timeline" time="0.263" /><testcase classname="tests.backend_test.TestStageAndTimeline" name="test_log_interaction" time="0.217" /><testcase classname="tests.backend_test.TestTasks" name="test_create_and_complete_task" time="0.354" /><testcase classname="tests.backend_test.TestPayments" name="test_log_payment_updates_outstanding" time="0.302" /><testcase classname="tests.backend_test.TestTemplates" name="test_seeded_templates" time="0.061" /><testcase classname="tests.backend_test.TestTemplates" name="test_template_crud" time="0.669" /><testcase classname="tests.backend_test.TestDashboard" name="test_attention_shape" time="0.066" /><testcase classname="tests.backend_test.TestDashboard" name="test_attention_requires_auth" time="0.045" /><testcase classname="tests.backend_test.TestAnalytics" name="test_analytics_summary" time="0.058" /><testcase classname="tests.backend_test.TestSettings" name="test_get_settings" time="0.052" /><testcase classname="tests.backend_test.TestSettings" name="test_update_settings_persists" time="0.243" /></testsuite></testsuites>